<?xml version="1.0" encoding="UTF-8"?>
<employees>
  <employee>
    <id>1</id>
    <name>jenni</name>
    <age>30</age>
    <department>IT</department>
    <city>New York</city>
    <state>NY</state>
    <timestamp>2024-07-24T12:34:56</timestamp>
  </employee>
</employees>